<?xml version="1.0" encoding="UTF-8"?>
<!-- Generated by org.testng.reporters.JUnitReportReporter -->
<testsuite hostname="DESKTOP-CSVPKHJ" failures="0" tests="2" name="hybridFrameworkDemo.HybridEbayProdSearchTest" time="79.083" errors="0" timestamp="2021-11-09T07:42:33 IST" skipped="0">
  <testcase classname="hybridFrameworkDemo.HybridEbayProdSearchTest" name="proSearch" time="27.538"/>
  <system-out>
    <![CDATA['English' Product Search Test is Successful..]]>
  </system-out>
  <testcase classname="hybridFrameworkDemo.HybridEbayProdSearchTest" name="proSearch" time="51.545"/>
  <system-out>
    <![CDATA['Selenium WebDriver' Product Search Test is Successful..]]>
  </system-out>
</testsuite> <!-- hybridFrameworkDemo.HybridEbayProdSearchTest -->
