<?xml version="1.0" encoding="UTF-8"?>
<!-- Generated by org.testng.reporters.JUnitReportReporter -->
<testsuite hostname="DESKTOP-CSVPKHJ" failures="0" tests="1" name="ddfDemo.DDFWithDB" time="0.000" errors="0" timestamp="2021-11-25T00:55:01 IST" skipped="1">
  <testcase classname="ddfDemo.DDFWithDB" name="catSearch" time="0.000">
    <skipped/>
  </testcase> <!-- catSearch -->
  <system-out/>
</testsuite> <!-- ddfDemo.DDFWithDB -->
