<?xml version="1.0" encoding="UTF-8"?>
<!-- Generated by org.testng.reporters.JUnitReportReporter -->
<testsuite hostname="DESKTOP-CSVPKHJ" failures="0" tests="1" name="pomTests.EbayProdCatSearchTest" time="19.048" errors="0" timestamp="2021-11-05T07:44:23 IST" skipped="0">
  <testcase classname="pomTests.EbayProdCatSearchTest" name="catSearch" time="19.048"/>
  <system-out>
    <![CDATA[Ebay Product Search  in a category Test is Successful..]]>
  </system-out>
</testsuite> <!-- pomTests.EbayProdCatSearchTest -->
