<?xml version="1.0" encoding="UTF-8"?>
<!-- Generated by org.testng.reporters.JUnitReportReporter -->
<testsuite hostname="DESKTOP-CSVPKHJ" failures="0" tests="1" name="pomTests.EbayProdSearchTest" time="18.000" errors="0" timestamp="2021-11-05T07:41:46 IST" skipped="0">
  <testcase classname="pomTests.EbayProdSearchTest" name="prodSearch" time="18.000"/>
  <system-out>
    <![CDATA[Ebay Product Search Test is Successful..]]>
  </system-out>
</testsuite> <!-- pomTests.EbayProdSearchTest -->
