<?xml version="1.0" encoding="UTF-8"?>
<!-- Generated by org.testng.reporters.JUnitReportReporter -->
<testsuite hostname="DESKTOP-CSVPKHJ" failures="0" tests="2" name="ddfDemo.DDFEbayProdSearchTest" time="54.874" errors="0" timestamp="2021-11-08T07:52:04 IST" skipped="0">
  <testcase classname="ddfDemo.DDFEbayProdSearchTest" name="proSearch" time="29.781"/>
  <system-out>
    <![CDATA['Selenium WebDriver' Product Search Test is Successful..]]>
  </system-out>
  <testcase classname="ddfDemo.DDFEbayProdSearchTest" name="proSearch" time="25.093"/>
  <system-out>
    <![CDATA['English' Product Search Test is Successful..]]>
  </system-out>
</testsuite> <!-- ddfDemo.DDFEbayProdSearchTest -->
