<?xml version="1.0" encoding="UTF-8"?>
<!-- Generated by org.testng.reporters.JUnitReportReporter -->
<testsuite hostname="DESKTOP-CSVPKHJ" failures="0" tests="1" name="pomTests.POMEbayProdCatSearchTest" time="14.785" errors="0" timestamp="2021-11-05T08:08:56 IST" skipped="0">
  <testcase classname="pomTests.POMEbayProdCatSearchTest" name="catSearch" time="14.785"/>
  <system-out>
    <![CDATA[Ebay Product Search  in a category Test is Successful..]]>
  </system-out>
</testsuite> <!-- pomTests.POMEbayProdCatSearchTest -->
