<?xml version="1.0" encoding="UTF-8"?>
<!-- Generated by org.testng.reporters.JUnitReportReporter -->
<testsuite hostname="DESKTOP-CSVPKHJ" failures="0" tests="1" name="pomTests.POMEbayProdSearchTest" time="15.592" errors="0" timestamp="2021-11-05T08:07:18 IST" skipped="0">
  <testcase classname="pomTests.POMEbayProdSearchTest" name="prodSearch" time="15.592"/>
  <system-out>
    <![CDATA[Ebay Product Search Test is Successful..]]>
  </system-out>
</testsuite> <!-- pomTests.POMEbayProdSearchTest -->
