<?xml version="1.0" encoding="UTF-8"?>
<!-- Generated by org.testng.reporters.JUnitReportReporter -->
<testsuite hostname="DESKTOP-CSVPKHJ" failures="0" tests="2" name="hybridFrameworkDemo.HybridEbayProdCatSearchTest" time="44.712" errors="0" timestamp="2021-11-09T07:45:51 IST" skipped="0">
  <testcase classname="hybridFrameworkDemo.HybridEbayProdCatSearchTest" name="catSearch" time="19.966"/>
  <system-out>
    <![CDATA['English' Product Search in 'Music' Category Test is Successful..]]>
  </system-out>
  <testcase classname="hybridFrameworkDemo.HybridEbayProdCatSearchTest" name="catSearch" time="24.746"/>
  <system-out>
    <![CDATA['Selenium WebDriver' Product Search in 'Books' Category Test is Successful..]]>
  </system-out>
</testsuite> <!-- hybridFrameworkDemo.HybridEbayProdCatSearchTest -->
