<?xml version="1.0" encoding="UTF-8"?>
<!-- Generated by org.testng.reporters.JUnitReportReporter -->
<testsuite skipped="0" hostname="DESKTOP-CSVPKHJ" name="myDemos.MyTest" tests="1" failures="0" timestamp="2021-12-10T07:53:50 IST" time="37.042" errors="0">
  <testcase name="Search" time="37.042" classname="myDemos.MyTest"/>
  <system-out>
    <![CDATA[Ebay Search Test is Successful..]]>
  </system-out>
</testsuite> <!-- myDemos.MyTest -->
